<?xml version="1.0" encoding="UTF-8"?>
<!-- Generated by org.testng.reporters.JUnitReportReporter -->
<testsuite hostname="DESKTOP-KHQA50L" failures="0" tests="1" name="test.ExtentreportstestandtesstNG" time="4.144" errors="0" timestamp="2022-03-11T11:50:20 IST" skipped="0">
  <testcase classname="test.ExtentreportstestandtesstNG" name="test" time="4.144"/>
  <system-out/>
</testsuite> <!-- test.ExtentreportstestandtesstNG -->
