<?xml version="1.0" encoding="UTF-8"?>
<!-- Generated by org.testng.reporters.JUnitReportReporter -->
<testsuite hostname="DESKTOP-KHQA50L" failures="0" tests="5" name="group.TestNGGroupDemo" time="0.016" errors="0" timestamp="2022-03-15T11:45:39 IST" skipped="0">
  <testcase classname="group.TestNGGroupDemo" name="test5" time="0.002"/>
  <system-out/>
  <testcase classname="group.TestNGGroupDemo" name="test3" time="0.002"/>
  <system-out/>
  <testcase classname="group.TestNGGroupDemo" name="test1" time="0.008"/>
  <system-out/>
  <testcase classname="group.TestNGGroupDemo" name="test2" time="0.002"/>
  <system-out/>
  <testcase classname="group.TestNGGroupDemo" name="test4" time="0.002"/>
  <system-out/>
</testsuite> <!-- group.TestNGGroupDemo -->
