<?xml version="1.0" encoding="UTF-8"?>
<!-- Generated by org.testng.reporters.JUnitReportReporter -->
<testsuite hostname="DESKTOP-KHQA50L" failures="0" tests="3" name="utils.Exceldataprovider" time="11.963" errors="0" timestamp="2022-03-14T15:00:56 IST" skipped="0">
  <testcase classname="utils.Exceldataprovider" name="test1" time="5.929"/>
  <system-out/>
  <testcase classname="utils.Exceldataprovider" name="test1" time="2.978"/>
  <system-out/>
  <testcase classname="utils.Exceldataprovider" name="test1" time="3.056"/>
  <system-out/>
</testsuite> <!-- utils.Exceldataprovider -->
