<?xml version="1.0" encoding="UTF-8"?>
<!-- Generated by org.testng.reporters.JUnitReportReporter -->
<testsuite hostname="DESKTOP-KHQA50L" failures="0" tests="1" name="demo.Parameterdemo" time="0.009" errors="0" timestamp="2022-03-15T12:19:30 IST" skipped="0">
  <testcase classname="demo.Parameterdemo" name="test" time="0.009"/>
  <system-out/>
</testsuite> <!-- demo.Parameterdemo -->
