<?xml version="1.0" encoding="UTF-8"?>
<!-- Generated by org.testng.reporters.JUnitReportReporter -->
<testsuite hostname="DESKTOP-KHQA50L" failures="0" tests="1" name="com.example.Seleniumtest2" time="15.264" errors="0" timestamp="2022-03-15T15:41:00 IST" skipped="0">
  <testcase classname="com.example.Seleniumtest2" name="testSeleniumtest2" time="15.264"/>
  <system-out/>
</testsuite> <!-- com.example.Seleniumtest2 -->
