<?xml version="1.0" encoding="UTF-8"?>
<!-- Generated by org.testng.reporters.JUnitReportReporter -->
<testsuite hostname="DESKTOP-KHQA50L" failures="0" tests="3" name="demo.TestNGDependencyDemo" time="0.020" errors="0" timestamp="2022-03-15T12:51:01 IST" skipped="0">
  <testcase classname="demo.TestNGDependencyDemo" name="test3" time="0.006"/>
  <system-out/>
  <testcase classname="demo.TestNGDependencyDemo" name="test2" time="0.013"/>
  <system-out/>
  <testcase classname="demo.TestNGDependencyDemo" name="test1" time="0.001"/>
  <system-out/>
</testsuite> <!-- demo.TestNGDependencyDemo -->
