<?xml version="1.0" encoding="UTF-8"?>
<!-- Generated by org.testng.reporters.JUnitReportReporter -->
<testsuite hostname="DESKTOP-KHQA50L" failures="0" tests="3" name="priority.Prioritydemo" time="0.016" errors="0" timestamp="2022-03-15T10:20:28 IST" skipped="0">
  <testcase classname="priority.Prioritydemo" name="test3" time="0.011"/>
  <system-out/>
  <testcase classname="priority.Prioritydemo" name="test1" time="0.003"/>
  <system-out/>
  <testcase classname="priority.Prioritydemo" name="test2" time="0.002"/>
  <system-out/>
</testsuite> <!-- priority.Prioritydemo -->
