<?xml version="1.0" encoding="UTF-8"?>
<!-- Generated by org.testng.reporters.JUnitReportReporter -->
<testsuite hostname="DESKTOP-KHQA50L" failures="0" tests="3" name="listeners.TestNGListenerDemoTest2" time="0.004" errors="0" timestamp="2022-03-15T09:48:54 IST" skipped="1">
  <testcase classname="listeners.TestNGListenerDemoTest2" name="test5" time="0.001"/>
  <system-out/>
  <testcase classname="listeners.TestNGListenerDemoTest2" name="test6" time="0.002">
    <skipped/>
  </testcase> <!-- test6 -->
  <system-out/>
  <testcase classname="listeners.TestNGListenerDemoTest2" name="test4" time="0.001"/>
  <system-out/>
</testsuite> <!-- listeners.TestNGListenerDemoTest2 -->
