<?xml version="1.0" encoding="UTF-8"?>
<!-- Generated by org.testng.reporters.JUnitReportReporter -->
<testsuite hostname="DESKTOP-KHQA50L" failures="0" tests="1" name="test.GooglesearchobjecttestNG" time="4.767" errors="0" timestamp="2022-03-14T11:05:13 IST" skipped="0">
  <testcase classname="test.GooglesearchobjecttestNG" name="googlesearchtest" time="4.767"/>
  <system-out/>
</testsuite> <!-- test.GooglesearchobjecttestNG -->
