<?xml version="1.0" encoding="UTF-8"?>
<!-- Generated by org.testng.reporters.JUnitReportReporter -->
<testsuite hostname="DESKTOP-KHQA50L" failures="0" tests="1" name="com.example.SeleniumTest" time="15.401" errors="0" timestamp="2022-03-15T15:21:29 IST" skipped="0">
  <testcase classname="com.example.SeleniumTest" name="testUntitledTestCase" time="15.401"/>
  <system-out/>
</testsuite> <!-- com.example.SeleniumTest -->
