<?xml version="1.0" encoding="UTF-8"?>
<!-- Generated by org.testng.reporters.JUnitReportReporter -->
<testsuite hostname="DESKTOP-KHQA50L" failures="0" tests="2" name="multibrowser.MultiBrowserDemo" time="3.118" errors="0" timestamp="2022-03-15T10:52:14 IST" skipped="0">
  <testcase classname="multibrowser.MultiBrowserDemo" name="test" time="1.772"/>
  <system-out/>
  <testcase classname="multibrowser.MultiBrowserDemo" name="test" time="1.346"/>
  <system-out/>
</testsuite> <!-- multibrowser.MultiBrowserDemo -->
